{"name": "Тест увеличения значения в счетчике 'Выполнено за все время'", "status": "broken", "statusDetails": {"message": "selenium.common.exceptions.ElementClickInterceptedException: Message: Element <a class=\"AppHeader_header__link__3D_hX\" href=\"/feed\"> is not clickable at point (364,44) because another element <div class=\"Modal_modal_overlay__x2ZCr\"> obscures it\nStacktrace:\nRemoteError@chrome://remote/content/shared/RemoteError.sys.mjs:8:8\nWebDriverError@chrome://remote/content/shared/webdriver/Errors.sys.mjs:193:5\nElementClickInterceptedError@chrome://remote/content/shared/webdriver/Errors.sys.mjs:337:5\nwebdriverClickElement@chrome://remote/content/marionette/interaction.sys.mjs:177:11\ninteraction.clickElement@chrome://remote/content/marionette/interaction.sys.mjs:136:11\nclickElement@chrome://remote/content/marionette/actors/MarionetteCommandsChild.sys.mjs:205:29\nreceiveMessage@chrome://remote/content/marionette/actors/MarionetteCommandsChild.sys.mjs:85:31", "trace": "self = <test_order_feed.TestOrderFeed object at 0x102c00290>\nlogin = (<selenium.webdriver.firefox.webdriver.WebDriver (session=\"5bc0bfde-6a3c-42c1-bba4-3b0d8e57412d\")>, 'bjumvqzleh@yandex.ru')\nbase_page = <src.page_object.base_page.BasePage object at 0x10311dca0>\nmain_page = <src.page_object.main_page.MainPage object at 0x102c01e20>\norder_page = <src.page_object.order_page.OrderPage object at 0x102ba7b30>\n\n    @allure.title(\"Тест увеличения значения в счетчике 'Выполнено за все время'\")\n    @allure.description(\n        \"Проверка: при создании нового заказа счётчик Выполнено за всё время увеличивается\")\n    def test_add_order_increase_total_all_time(\n        self,\n        login: Chrome | Firefox,\n        base_page: BasePage,\n        main_page: MainPage,\n        order_page: OrderPage,\n    ):\n    \n        main_page.wait_hide_modal_overlay()\n        base_page.click_on_the_tape_orders()\n        total_all_time = int(order_page.get_total_order_all_time())\n        base_page.click_on_the_constructor()\n        main_page.drag_and_drop_bun_r2_d3_to_constructor()\n        main_page.click_order_button()\n        main_page.wait_load_modal_order()\n        main_page.wait_return_order_number_in_modal()\n        main_page.wait_hide_modal_overlay()\n        main_page.click_button_cross_in_modal_order()\n>       base_page.click_on_the_tape_orders()\n\ntests/test_order_feed.py:82: \n_ _ _ _ _ _ _ _ _ _ _ _ _ _ _ _ _ _ _ _ _ _ _ _ _ _ _ _ _ _ _ _ _ _ _ _ _ _ _ _ _ _ _ _ _ _ _ _ _ _ _ _ _ _ _ _ _ _ _ _ _ _ _ _ _ _ _ _ _ _ \nsrc/page_object/base_page.py:31: in click_on_the_tape_orders\n    EC.visibility_of_element_located(self.button_tape_orders)).click()\n.venv/lib/python3.12/site-packages/selenium/webdriver/remote/webelement.py:94: in click\n    self._execute(Command.CLICK_ELEMENT)\n.venv/lib/python3.12/site-packages/selenium/webdriver/remote/webelement.py:395: in _execute\n    return self._parent.execute(command, params)\n.venv/lib/python3.12/site-packages/selenium/webdriver/remote/webdriver.py:354: in execute\n    self.error_handler.check_response(response)\n_ _ _ _ _ _ _ _ _ _ _ _ _ _ _ _ _ _ _ _ _ _ _ _ _ _ _ _ _ _ _ _ _ _ _ _ _ _ _ _ _ _ _ _ _ _ _ _ _ _ _ _ _ _ _ _ _ _ _ _ _ _ _ _ _ _ _ _ _ _ \n\nself = <selenium.webdriver.remote.errorhandler.ErrorHandler object at 0x10311ed20>\nresponse = {'status': 400, 'value': '{\"value\":{\"error\":\"element click intercepted\",\"message\":\"Element <a class=\\\\\"AppHeader_heade...sys.mjs:205:29\\\\nreceiveMessage@chrome://remote/content/marionette/actors/MarionetteCommandsChild.sys.mjs:85:31\\\\n\"}}'}\n\n    def check_response(self, response: Dict[str, Any]) -> None:\n        \"\"\"Checks that a JSON response from the WebDriver does not have an\n        error.\n    \n        :Args:\n         - response - The JSON response from the WebDriver server as a dictionary\n           object.\n    \n        :Raises: If the response contains an error message.\n        \"\"\"\n        status = response.get(\"status\", None)\n        if not status or status == ErrorCode.SUCCESS:\n            return\n        value = None\n        message = response.get(\"message\", \"\")\n        screen: str = response.get(\"screen\", \"\")\n        stacktrace = None\n        if isinstance(status, int):\n            value_json = response.get(\"value\", None)\n            if value_json and isinstance(value_json, str):\n                import json\n    \n                try:\n                    value = json.loads(value_json)\n                    if len(value) == 1:\n                        value = value[\"value\"]\n                    status = value.get(\"error\", None)\n                    if not status:\n                        status = value.get(\"status\", ErrorCode.UNKNOWN_ERROR)\n                        message = value.get(\"value\") or value.get(\"message\")\n                        if not isinstance(message, str):\n                            value = message\n                            message = message.get(\"message\")\n                    else:\n                        message = value.get(\"message\", None)\n                except ValueError:\n                    pass\n    \n        exception_class: Type[WebDriverException]\n        e = ErrorCode()\n        error_codes = [item for item in dir(e) if not item.startswith(\"__\")]\n        for error_code in error_codes:\n            error_info = getattr(ErrorCode, error_code)\n            if isinstance(error_info, list) and status in error_info:\n                exception_class = getattr(ExceptionMapping, error_code, WebDriverException)\n                break\n        else:\n            exception_class = WebDriverException\n    \n        if not value:\n            value = response[\"value\"]\n        if isinstance(value, str):\n            raise exception_class(value)\n        if message == \"\" and \"message\" in value:\n            message = value[\"message\"]\n    \n        screen = None  # type: ignore[assignment]\n        if \"screen\" in value:\n            screen = value[\"screen\"]\n    \n        stacktrace = None\n        st_value = value.get(\"stackTrace\") or value.get(\"stacktrace\")\n        if st_value:\n            if isinstance(st_value, str):\n                stacktrace = st_value.split(\"\\n\")\n            else:\n                stacktrace = []\n                try:\n                    for frame in st_value:\n                        line = frame.get(\"lineNumber\", \"\")\n                        file = frame.get(\"fileName\", \"<anonymous>\")\n                        if line:\n                            file = f\"{file}:{line}\"\n                        meth = frame.get(\"methodName\", \"<anonymous>\")\n                        if \"className\" in frame:\n                            meth = f\"{frame['className']}.{meth}\"\n                        msg = \"    at %s (%s)\"\n                        msg = msg % (meth, file)\n                        stacktrace.append(msg)\n                except TypeError:\n                    pass\n        if exception_class == UnexpectedAlertPresentException:\n            alert_text = None\n            if \"data\" in value:\n                alert_text = value[\"data\"].get(\"text\")\n            elif \"alert\" in value:\n                alert_text = value[\"alert\"].get(\"text\")\n            raise exception_class(message, screen, stacktrace, alert_text)  # type: ignore[call-arg]  # mypy is not smart enough here\n>       raise exception_class(message, screen, stacktrace)\nE       selenium.common.exceptions.ElementClickInterceptedException: Message: Element <a class=\"AppHeader_header__link__3D_hX\" href=\"/feed\"> is not clickable at point (364,44) because another element <div class=\"Modal_modal_overlay__x2ZCr\"> obscures it\nE       Stacktrace:\nE       RemoteError@chrome://remote/content/shared/RemoteError.sys.mjs:8:8\nE       WebDriverError@chrome://remote/content/shared/webdriver/Errors.sys.mjs:193:5\nE       ElementClickInterceptedError@chrome://remote/content/shared/webdriver/Errors.sys.mjs:337:5\nE       webdriverClickElement@chrome://remote/content/marionette/interaction.sys.mjs:177:11\nE       interaction.clickElement@chrome://remote/content/marionette/interaction.sys.mjs:136:11\nE       clickElement@chrome://remote/content/marionette/actors/MarionetteCommandsChild.sys.mjs:205:29\nE       receiveMessage@chrome://remote/content/marionette/actors/MarionetteCommandsChild.sys.mjs:85:31\n\n.venv/lib/python3.12/site-packages/selenium/webdriver/remote/errorhandler.py:229: ElementClickInterceptedException"}, "description": "Проверка: при создании нового заказа счётчик Выполнено за всё время увеличивается", "steps": [{"name": "Ожидаем скрытия окна наложения", "status": "passed", "start": 1725308281736, "stop": 1725308282268}, {"name": "Клик по кнопке 'Лента заказов' на главной странице", "status": "passed", "parameters": [{"name": "time", "value": "5"}], "start": 1725308282270, "stop": 1725308282495}, {"name": "Получаем количество заказов за все время", "status": "passed", "start": 1725308282495, "stop": 1725308283536}, {"name": "Клик по кнопке 'Конструктор' на главной странице", "status": "passed", "parameters": [{"name": "time", "value": "5"}], "start": 1725308283537, "stop": 1725308283772}, {"name": "Перетащить ингредиент - 'Флюоресцентная булка'", "status": "passed", "start": 1725308283772, "stop": 1725308284334}, {"name": "Кликаем кнопке - 'Оформить заказ' модального окна", "status": "passed", "start": 1725308284334, "stop": 1725308284557}, {"name": "Ожидаем окончательную загрузку", "status": "passed", "start": 1725308284557, "stop": 1725308284569}, {"name": "Ожидаем отобразения номера заказа", "status": "passed", "start": 1725308284569, "stop": 1725308284572}, {"name": "Ожидаем скрытия окна наложения", "status": "passed", "start": 1725308284572, "stop": 1725308284579}, {"name": "Кликаем кнопке - 'крестик' модального окна заказа", "status": "passed", "start": 1725308284579, "stop": 1725308284795}, {"name": "Клик по кнопке 'Лента заказов' на главной странице", "status": "broken", "statusDetails": {"message": "selenium.common.exceptions.ElementClickInterceptedException: Message: Element <a class=\"AppHeader_header__link__3D_hX\" href=\"/feed\"> is not clickable at point (364,44) because another element <div class=\"Modal_modal_overlay__x2ZCr\"> obscures it\nStacktrace:\nRemoteError@chrome://remote/content/shared/RemoteError.sys.mjs:8:8\nWebDriverError@chrome://remote/content/shared/webdriver/Errors.sys.mjs:193:5\nElementClickInterceptedError@chrome://remote/content/shared/webdriver/Errors.sys.mjs:337:5\nwebdriverClickElement@chrome://remote/content/marionette/interaction.sys.mjs:177:11\ninteraction.clickElement@chrome://remote/content/marionette/interaction.sys.mjs:136:11\nclickElement@chrome://remote/content/marionette/actors/MarionetteCommandsChild.sys.mjs:205:29\nreceiveMessage@chrome://remote/content/marionette/actors/MarionetteCommandsChild.sys.mjs:85:31\n\n", "trace": "  File \"/Users/spkravchuk/Desktop/newfolder/Diplom/Diplom_3/.venv/lib/python3.12/site-packages/allure_commons/_allure.py\", line 192, in impl\n    return func(*a, **kw)\n           ^^^^^^^^^^^^^^\n  File \"/Users/spkravchuk/Desktop/newfolder/Diplom/Diplom_3/src/page_object/base_page.py\", line 31, in click_on_the_tape_orders\n    EC.visibility_of_element_located(self.button_tape_orders)).click()\n                                                               ^^^^^^^\n  File \"/Users/spkravchuk/Desktop/newfolder/Diplom/Diplom_3/.venv/lib/python3.12/site-packages/selenium/webdriver/remote/webelement.py\", line 94, in click\n    self._execute(Command.CLICK_ELEMENT)\n  File \"/Users/spkravchuk/Desktop/newfolder/Diplom/Diplom_3/.venv/lib/python3.12/site-packages/selenium/webdriver/remote/webelement.py\", line 395, in _execute\n    return self._parent.execute(command, params)\n           ^^^^^^^^^^^^^^^^^^^^^^^^^^^^^^^^^^^^^\n  File \"/Users/spkravchuk/Desktop/newfolder/Diplom/Diplom_3/.venv/lib/python3.12/site-packages/selenium/webdriver/remote/webdriver.py\", line 354, in execute\n    self.error_handler.check_response(response)\n  File \"/Users/spkravchuk/Desktop/newfolder/Diplom/Diplom_3/.venv/lib/python3.12/site-packages/selenium/webdriver/remote/errorhandler.py\", line 229, in check_response\n    raise exception_class(message, screen, stacktrace)\n"}, "parameters": [{"name": "time", "value": "5"}], "start": 1725308284795, "stop": 1725308284808}], "parameters": [{"name": "driver", "value": "'firefox'"}], "start": 1725308281736, "stop": 1725308284810, "uuid": "8e40abb1-cfc0-4e6c-af8a-76406f9dd9c9", "historyId": "b98bcdc98962c4166199988e0cb0e937", "testCaseId": "220b62cd486a1fdc2aeb523b65316e51", "fullName": "tests.test_order_feed.TestOrderFeed#test_add_order_increase_total_all_time", "labels": [{"name": "parentSuite", "value": "tests"}, {"name": "suite", "value": "test_order_feed"}, {"name": "subSuite", "value": "TestOrderFeed"}, {"name": "host", "value": "0000NBB0MJTQ6L4"}, {"name": "thread", "value": "98662-MainThread"}, {"name": "framework", "value": "pytest"}, {"name": "language", "value": "cpython3"}, {"name": "package", "value": "tests.test_order_feed"}]}