{"name": "Тест отображения заказов пользователя в Ленте заказов", "status": "broken", "statusDetails": {"message": "selenium.common.exceptions.TimeoutException: Message: \nStacktrace:\nRemoteError@chrome://remote/content/shared/RemoteError.sys.mjs:8:8\nWebDriverError@chrome://remote/content/shared/webdriver/Errors.sys.mjs:193:5\nNoSuchElementError@chrome://remote/content/shared/webdriver/Errors.sys.mjs:511:5\ndom.find/</<@chrome://remote/content/shared/DOM.sys.mjs:136:16", "trace": "self = <test_order_feed.TestOrderFeed object at 0x104b4f980>\nlogin = (<selenium.webdriver.firefox.webdriver.WebDriver (session=\"3a71dc40-3147-4e44-a173-03cbe11df210\")>, 'qsqgfxxkbk@yandex.ru')\nmain_page = <src.page_object.main_page.MainPage object at 0x104bd7800>, order_page = <src.page_object.order_page.OrderPage object at 0x104bd7890>\naccount_page = <src.page_object.account_page.AccountPage object at 0x104bd7e60>\n\n    @allure.title(\"Тест отображения заказов пользователя в Ленте заказов\")\n    @allure.description(\n        \"Проверка: заказы пользователя из раздела «История заказов» отображаются на странице «Лента заказов»\")\n    def test_displayed_orders_in_orders_list(\n        self,\n        login: Chrome | Firefox,\n        main_page: MainPage,\n        order_page: OrderPage,\n        account_page: AccountPage\n    ):\n    \n        main_page.wait_hide_modal_overlay()\n        # main_page.wait_title_collect_burger()\n        main_page.drag_and_drop_bun_r2_d3_to_constructor()\n        main_page.click_order_button()\n        main_page.wait_load_modal_order()\n        main_page.wait_return_order_number_in_modal()\n        main_page.click_button_cross_in_modal_order()\n    \n        main_page.wait_hide_modal_overlay()\n        main_page.click_on_the_account_button()\n        account_page.click_history_order()\n>       last_order_number = account_page.get_last_order_in_list()\n\ntests/test_order_feed.py:51: \n_ _ _ _ _ _ _ _ _ _ _ _ _ _ _ _ _ _ _ _ _ _ _ _ _ _ _ _ _ _ _ _ _ _ _ _ _ _ _ _ _ _ _ _ _ _ _ _ _ _ _ _ _ _ _ _ _ _ _ _ _ _ _ _ _ _ _ _ _ _ _ _ _ _ _ _ _ _ _ \nsrc/page_object/account_page.py:43: in get_last_order_in_list\n    return WebDriverWait(self.driver, 5).until(\n_ _ _ _ _ _ _ _ _ _ _ _ _ _ _ _ _ _ _ _ _ _ _ _ _ _ _ _ _ _ _ _ _ _ _ _ _ _ _ _ _ _ _ _ _ _ _ _ _ _ _ _ _ _ _ _ _ _ _ _ _ _ _ _ _ _ _ _ _ _ _ _ _ _ _ _ _ _ _ \n\nself = <selenium.webdriver.support.wait.WebDriverWait (session=\"3a71dc40-3147-4e44-a173-03cbe11df210\")>\nmethod = <function visibility_of_element_located.<locals>._predicate at 0x109032de0>, message = ''\n\n    def until(self, method: Callable[[D], Union[Literal[False], T]], message: str = \"\") -> T:\n        \"\"\"Calls the method provided with the driver as an argument until the \\\n        return value does not evaluate to ``False``.\n    \n        :param method: callable(WebDriver)\n        :param message: optional message for :exc:`TimeoutException`\n        :returns: the result of the last call to `method`\n        :raises: :exc:`selenium.common.exceptions.TimeoutException` if timeout occurs\n        \"\"\"\n        screen = None\n        stacktrace = None\n    \n        end_time = time.monotonic() + self._timeout\n        while True:\n            try:\n                value = method(self._driver)\n                if value:\n                    return value\n            except self._ignored_exceptions as exc:\n                screen = getattr(exc, \"screen\", None)\n                stacktrace = getattr(exc, \"stacktrace\", None)\n            time.sleep(self._poll)\n            if time.monotonic() > end_time:\n                break\n>       raise TimeoutException(message, screen, stacktrace)\nE       selenium.common.exceptions.TimeoutException: Message: \nE       Stacktrace:\nE       RemoteError@chrome://remote/content/shared/RemoteError.sys.mjs:8:8\nE       WebDriverError@chrome://remote/content/shared/webdriver/Errors.sys.mjs:193:5\nE       NoSuchElementError@chrome://remote/content/shared/webdriver/Errors.sys.mjs:511:5\nE       dom.find/</<@chrome://remote/content/shared/DOM.sys.mjs:136:16\n\n.venv/lib/python3.12/site-packages/selenium/webdriver/support/wait.py:105: TimeoutException"}, "description": "Проверка: заказы пользователя из раздела «История заказов» отображаются на странице «Лента заказов»", "steps": [{"name": "Ожидаем отобразения номера заказа", "status": "passed", "start": 1723990802341, "stop": 1723990802345}, {"name": "Перетащить ингредиент - 'Флюоресцентная булка'", "status": "passed", "start": 1723990802345, "stop": 1723990802891}, {"name": "Кликаем кнопке - 'Оформить заказ' модального окна", "status": "passed", "start": 1723990802893, "stop": 1723990803120}, {"name": "Ожидаем окончательную загрузку", "status": "passed", "start": 1723990803120, "stop": 1723990803125}, {"name": "Ожидаем отобразения номера заказа", "status": "passed", "start": 1723990803125, "stop": 1723990803127}, {"name": "Кликаем кнопке - 'крестик' модального окна заказа", "status": "passed", "start": 1723990803127, "stop": 1723990803341}, {"name": "Ожидаем отобразения номера заказа", "status": "passed", "start": 1723990803341, "stop": 1723990803866}, {"name": "Клик по кнопке 'Личных кабинет' на главной странице", "status": "passed", "start": 1723990803866, "stop": 1723990804092}, {"name": "Кликаем по пункту 'История заказов'", "status": "passed", "start": 1723990804092, "stop": 1723990804355}, {"name": "Получает номер последнего заказа в истории заказов", "status": "broken", "statusDetails": {"message": "selenium.common.exceptions.TimeoutException: Message: \nStacktrace:\nRemoteError@chrome://remote/content/shared/RemoteError.sys.mjs:8:8\nWebDriverError@chrome://remote/content/shared/webdriver/Errors.sys.mjs:193:5\nNoSuchElementError@chrome://remote/content/shared/webdriver/Errors.sys.mjs:511:5\ndom.find/</<@chrome://remote/content/shared/DOM.sys.mjs:136:16\n\n", "trace": "  File \"/Users/spkravchuk/Desktop/newfolder/Diplom/Diplom_3/.venv/lib/python3.12/site-packages/allure_commons/_allure.py\", line 192, in impl\n    return func(*a, **kw)\n           ^^^^^^^^^^^^^^\n  File \"/Users/spkravchuk/Desktop/newfolder/Diplom/Diplom_3/src/page_object/account_page.py\", line 43, in get_last_order_in_list\n    return WebDriverWait(self.driver, 5).until(\n           ^^^^^^^^^^^^^^^^^^^^^^^^^^^^^^^^^^^^\n  File \"/Users/spkravchuk/Desktop/newfolder/Diplom/Diplom_3/.venv/lib/python3.12/site-packages/selenium/webdriver/support/wait.py\", line 105, in until\n    raise TimeoutException(message, screen, stacktrace)\n"}, "start": 1723990804355, "stop": 1723990809448}], "parameters": [{"name": "driver", "value": "'firefox'"}], "start": 1723990802341, "stop": 1723990809454, "uuid": "51acc887-1dcf-4dd3-9bc7-4fd5f78eec11", "historyId": "6e07987d9d3ea672f17ae3f23bd4bfae", "testCaseId": "af1e9751a99e230ee8d340d221a2ad62", "fullName": "tests.test_order_feed.TestOrderFeed#test_displayed_orders_in_orders_list", "labels": [{"name": "parentSuite", "value": "tests"}, {"name": "suite", "value": "test_order_feed"}, {"name": "subSuite", "value": "TestOrderFeed"}, {"name": "host", "value": "0000NBB0MJTQ6L4"}, {"name": "thread", "value": "66837-MainThread"}, {"name": "framework", "value": "pytest"}, {"name": "language", "value": "cpython3"}, {"name": "package", "value": "tests.test_order_feed"}]}