{"name": "Тест закрытия всплывающего окна", "status": "broken", "statusDetails": {"message": "selenium.common.exceptions.TimeoutException: Message:", "trace": "self = <test_main_functionality.TestFunctionality object at 0x102bc6a20>\nmain_page = <src.page_object.main_page.MainPage object at 0x103121220>\n\n    @allure.title(\"Тест закрытия всплывающего окна\")\n    @allure.description(\n        \"Проверка: всплывающее окно закрывается кликом по крестику\")\n    def test_click_to_cross_closed_modal_ingr(self, main_page: MainPage):\n    \n        main_page.click_bun_r2_d3()\n        main_page.wait_load_modal_ingr_window()\n        main_page.click_button_cross_in_modal_ingr()\n    \n>       actually_value = main_page.get_class_section_main()\n\ntests/test_main_functionality.py:73: \n_ _ _ _ _ _ _ _ _ _ _ _ _ _ _ _ _ _ _ _ _ _ _ _ _ _ _ _ _ _ _ _ _ _ _ _ _ _ _ _ _ _ _ _ _ _ _ _ _ _ _ _ _ _ _ _ _ _ _ _ _ _ _ _ _ _ _ _ _ _ \nsrc/page_object/main_page.py:51: in get_class_section_main\n    return self.def_visibility_of_element_located(self.section_main).get_attribute(\"class\")\nsrc/page_object/base_page.py:34: in def_visibility_of_element_located\n    return WebDriverWait(self.driver, time).until(\n_ _ _ _ _ _ _ _ _ _ _ _ _ _ _ _ _ _ _ _ _ _ _ _ _ _ _ _ _ _ _ _ _ _ _ _ _ _ _ _ _ _ _ _ _ _ _ _ _ _ _ _ _ _ _ _ _ _ _ _ _ _ _ _ _ _ _ _ _ _ \n\nself = <selenium.webdriver.support.wait.WebDriverWait (session=\"1f6804da-4cde-40b5-8ddb-ee2fa274a607\")>\nmethod = <function visibility_of_element_located.<locals>._predicate at 0x103108540>, message = ''\n\n    def until(self, method: Callable[[D], Union[Literal[False], T]], message: str = \"\") -> T:\n        \"\"\"Calls the method provided with the driver as an argument until the \\\n        return value does not evaluate to ``False``.\n    \n        :param method: callable(WebDriver)\n        :param message: optional message for :exc:`TimeoutException`\n        :returns: the result of the last call to `method`\n        :raises: :exc:`selenium.common.exceptions.TimeoutException` if timeout occurs\n        \"\"\"\n        screen = None\n        stacktrace = None\n    \n        end_time = time.monotonic() + self._timeout\n        while True:\n            try:\n                value = method(self._driver)\n                if value:\n                    return value\n            except self._ignored_exceptions as exc:\n                screen = getattr(exc, \"screen\", None)\n                stacktrace = getattr(exc, \"stacktrace\", None)\n            time.sleep(self._poll)\n            if time.monotonic() > end_time:\n                break\n>       raise TimeoutException(message, screen, stacktrace)\nE       selenium.common.exceptions.TimeoutException: Message:\n\n.venv/lib/python3.12/site-packages/selenium/webdriver/support/wait.py:105: TimeoutException"}, "description": "Проверка: всплывающее окно закрывается кликом по крестику", "steps": [{"name": "Кликаем по ингредиенту 'Флюоресцентная булка R2-D3'", "status": "passed", "start": 1725308223844, "stop": 1725308224078}, {"name": "Ожидаем загрузку модального окна 'Детали ингредиента'", "status": "passed", "start": 1725308224078, "stop": 1725308224086}, {"name": "Кликаем кнопке - 'Закрыть' модального окна", "status": "passed", "start": 1725308224086, "stop": 1725308224309}, {"name": "Получает значение атрибута 'class' области с ингредиентами на главной странице", "status": "broken", "statusDetails": {"message": "selenium.common.exceptions.TimeoutException: Message: \n\n", "trace": "  File \"/Users/spkravchuk/Desktop/newfolder/Diplom/Diplom_3/.venv/lib/python3.12/site-packages/allure_commons/_allure.py\", line 192, in impl\n    return func(*a, **kw)\n           ^^^^^^^^^^^^^^\n  File \"/Users/spkravchuk/Desktop/newfolder/Diplom/Diplom_3/src/page_object/main_page.py\", line 51, in get_class_section_main\n    return self.def_visibility_of_element_located(self.section_main).get_attribute(\"class\")\n           ^^^^^^^^^^^^^^^^^^^^^^^^^^^^^^^^^^^^^^^^^^^^^^^^^^^^^^^^^\n  File \"/Users/spkravchuk/Desktop/newfolder/Diplom/Diplom_3/src/page_object/base_page.py\", line 34, in def_visibility_of_element_located\n    return WebDriverWait(self.driver, time).until(\n           ^^^^^^^^^^^^^^^^^^^^^^^^^^^^^^^^^^^^^^^\n  File \"/Users/spkravchuk/Desktop/newfolder/Diplom/Diplom_3/.venv/lib/python3.12/site-packages/selenium/webdriver/support/wait.py\", line 105, in until\n    raise TimeoutException(message, screen, stacktrace)\n"}, "start": 1725308224309, "stop": 1725308229470}], "parameters": [{"name": "driver", "value": "'firefox'"}], "start": 1725308223843, "stop": 1725308229473, "uuid": "a674fd26-e3e7-42ff-9f13-c2804174033a", "historyId": "cb5b12e2bde4d6a103f4a7fa15aa66c7", "testCaseId": "6972f18a7db0fa2a2bb92fd78291879d", "fullName": "tests.test_main_functionality.TestFunctionality#test_click_to_cross_closed_modal_ingr", "labels": [{"name": "parentSuite", "value": "tests"}, {"name": "suite", "value": "test_main_functionality"}, {"name": "subSuite", "value": "TestFunctionality"}, {"name": "host", "value": "0000NBB0MJTQ6L4"}, {"name": "thread", "value": "98662-MainThread"}, {"name": "framework", "value": "pytest"}, {"name": "language", "value": "cpython3"}, {"name": "package", "value": "tests.test_main_functionality"}]}